<?xml version="1.0" encoding="UTF-8"?>
<!-- Generated by org.testng.reporters.JUnitXMLReporter -->
<testsuite ignored="5" hostname="LAPTOP-RAGTTIV5" failures="0" tests="1" name="Default test" time="24.173" errors="0" timestamp="2025-04-17T00:31:46 IST">
  <testcase classname="tests.LogoutTest" name="testMultipleLogouts" time="19.247"/>
  <testcase classname="tests.LogoutTest" name="accessCartMenu" time="0.0">
    <ignored/>
  </testcase> <!-- accessCartMenu -->
  <testcase classname="tests.LogoutTest" name="logoutBtnVisible" time="0.0">
    <ignored/>
  </testcase> <!-- logoutBtnVisible -->
  <testcase classname="tests.LogoutTest" name="validLogout" time="0.0">
    <ignored/>
  </testcase> <!-- validLogout -->
  <testcase classname="tests.LogoutTest" name="sessionclearAfterLogout" time="0.0">
    <ignored/>
  </testcase> <!-- sessionclearAfterLogout -->
  <testcase classname="tests.LogoutTest" name="LogoutwithoutLogin" time="0.0">
    <ignored/>
  </testcase> <!-- LogoutwithoutLogin -->
</testsuite> <!-- Default test -->
